<?xml version="1.0" encoding="UTF-8"?>
<testng-results skipped="0" failed="0" total="2" passed="2">
  <reporter-output>
  </reporter-output>
  <suite name="Default suite" duration-ms="5701" started-at="2016-10-13T20:11:16Z" finished-at="2016-10-13T20:11:22Z">
    <groups>
    </groups>
    <test name="Default test" duration-ms="5701" started-at="2016-10-13T20:11:16Z" finished-at="2016-10-13T20:11:22Z">
      <class name="Guru99Bank">
        <test-method status="PASS" signature="setup()[pri:0, instance:Guru99Bank@5d5eef3d]" name="setup" is-config="true" duration-ms="1982" started-at="2016-10-14T01:41:16Z" finished-at="2016-10-14T01:41:18Z">
          <reporter-output>
          </reporter-output>
        </test-method> <!-- setup -->
        <test-method status="PASS" signature="pageLoad()[pri:0, instance:Guru99Bank@5d5eef3d]" name="pageLoad" duration-ms="1496" started-at="2016-10-14T01:41:18Z" finished-at="2016-10-14T01:41:20Z">
          <reporter-output>
          </reporter-output>
        </test-method> <!-- pageLoad -->
        <test-method status="PASS" signature="Login()[pri:0, instance:Guru99Bank@5d5eef3d]" name="Login" duration-ms="1327" started-at="2016-10-14T01:41:20Z" depends-on-methods="Guru99Bank.pageLoad" finished-at="2016-10-14T01:41:21Z">
          <reporter-output>
          </reporter-output>
        </test-method> <!-- Login -->
        <test-method status="PASS" signature="tearDown()[pri:0, instance:Guru99Bank@5d5eef3d]" name="tearDown" is-config="true" duration-ms="876" started-at="2016-10-14T01:41:21Z" finished-at="2016-10-14T01:41:22Z">
          <reporter-output>
          </reporter-output>
        </test-method> <!-- tearDown -->
      </class> <!-- Guru99Bank -->
    </test> <!-- Default test -->
  </suite> <!-- Default suite -->
</testng-results>
